3000 Port : 서버 실행 중
events.js:291
      throw er; // Unhandled 'error' event
      ^

Error: listen EADDRINUSE: address already in use :::3000
    at Server.setupListenHandle [as _listen2] (net.js:1316:16)
    at listenInCluster (net.js:1364:12)
    at Server.listen (net.js:1450:7)
    at Function.listen (/home/bitnami/data/node/api/node_modules/express/lib/application.js:618:24)
    at Object.<anonymous> (/home/bitnami/data/node/api/app.js:23:5)
    at Module._compile (internal/modules/cjs/loader.js:999:30)
    at Object.Module._extensions..js (internal/modules/cjs/loader.js:1027:10)
    at Module.load (internal/modules/cjs/loader.js:863:32)
    at Function.Module._load (internal/modules/cjs/loader.js:708:14)
    at Function.executeUserEntryPoint [as runMain] (internal/modules/run_main.js:60:12)
Emitted 'error' event on Server instance at:
    at emitErrorNT (net.js:1343:8)
    at processTicksAndRejections (internal/process/task_queues.js:84:21) {
  code: 'EADDRINUSE',
  errno: 'EADDRINUSE',
  syscall: 'listen',
  address: '::',
  port: 3000
}
3
7
[0mGET /api/park/number/car/car?car_id=3 [32m200[0m 6.684 ms - 27[0m
[0mPOST /api/park/number/carBody [32m200[0m 10.504 ms - 27[0m
[0mPOST /api/park/number/carBody [32m200[0m 0.798 ms - 27[0m
3000 Port : 서버 실행 중
events.js:291
      throw er; // Unhandled 'error' event
      ^

Error: listen EADDRINUSE: address already in use :::3000
    at Server.setupListenHandle [as _listen2] (net.js:1316:16)
    at listenInCluster (net.js:1364:12)
    at Server.listen (net.js:1450:7)
    at Function.listen (/home/bitnami/data/node/api/node_modules/express/lib/application.js:618:24)
    at Object.<anonymous> (/home/bitnami/data/node/api/app.js:23:5)
    at Module._compile (internal/modules/cjs/loader.js:999:30)
    at Object.Module._extensions..js (internal/modules/cjs/loader.js:1027:10)
    at Module.load (internal/modules/cjs/loader.js:863:32)
    at Function.Module._load (internal/modules/cjs/loader.js:708:14)
    at Function.executeUserEntryPoint [as runMain] (internal/modules/run_main.js:60:12)
Emitted 'error' event on Server instance at:
    at emitErrorNT (net.js:1343:8)
    at processTicksAndRejections (internal/process/task_queues.js:84:21) {
  code: 'EADDRINUSE',
  errno: 'EADDRINUSE',
  syscall: 'listen',
  address: '::',
  port: 3000
}
[0mPOST /api/park/number/carBody [32m200[0m 14.164 ms - 27[0m
[0mPOST /api/park/number/carBody [32m200[0m 0.798 ms - 27[0m
3
7
[0mGET /api/park/number/car/car?car_id=3 [32m200[0m 3.205 ms - 27[0m
3000 Port : 서버 실행 중
3
7
[0mGET /api/park/number/car/car?car_id=3 [32m200[0m 6.882 ms - 27[0m
3000 Port : 서버 실행 중
3000 Port : 서버 실행 중
3
7
[0mGET /api/park/number/car/car?car_id=3 [32m200[0m 7.102 ms - 27[0m
[0mPOST /api/park/number/carBody [32m200[0m 10.290 ms - 27[0m
[0mPOST /api/park/number/carBody [32m200[0m 1.063 ms - 27[0m
3
7
[0mGET /api/park/number/car/car?car_id=3 [32m200[0m 1.027 ms - 27[0m
3000 Port : 서버 실행 중
3000 Port : 서버 실행 중
3000 Port : 서버 실행 중
3000 Port : 서버 실행 중
3000 Port : 서버 실행 중
3000 Port : 서버 실행 중
3000 Port : 서버 실행 중
3000 Port : 서버 실행 중
3000 Port : 서버 실행 중
[0mGET /Hello [32m200[0m 14.834 ms - 12[0m
[0mGET /api/park/2 [31m500[0m 2.861 ms - 1236[0m
ReferenceError: car_id is not defined
    at /home/bitnami/data/node/api/routes/restful.js:39:5
    at Layer.handle [as handle_request] (/home/bitnami/data/node/api/node_modules/express/lib/router/layer.js:95:5)
    at next (/home/bitnami/data/node/api/node_modules/express/lib/router/route.js:137:13)
    at Route.dispatch (/home/bitnami/data/node/api/node_modules/express/lib/router/route.js:112:3)
    at Layer.handle [as handle_request] (/home/bitnami/data/node/api/node_modules/express/lib/router/layer.js:95:5)
    at /home/bitnami/data/node/api/node_modules/express/lib/router/index.js:281:22
    at param (/home/bitnami/data/node/api/node_modules/express/lib/router/index.js:360:14)
    at param (/home/bitnami/data/node/api/node_modules/express/lib/router/index.js:371:14)
    at Function.process_params (/home/bitnami/data/node/api/node_modules/express/lib/router/index.js:416:3)
    at next (/home/bitnami/data/node/api/node_modules/express/lib/router/index.js:275:10)
[0mGET /api/park/2 [31m500[0m 1.269 ms - 1236[0m
ReferenceError: car_id is not defined
    at /home/bitnami/data/node/api/routes/restful.js:39:5
    at Layer.handle [as handle_request] (/home/bitnami/data/node/api/node_modules/express/lib/router/layer.js:95:5)
    at next (/home/bitnami/data/node/api/node_modules/express/lib/router/route.js:137:13)
    at Route.dispatch (/home/bitnami/data/node/api/node_modules/express/lib/router/route.js:112:3)
    at Layer.handle [as handle_request] (/home/bitnami/data/node/api/node_modules/express/lib/router/layer.js:95:5)
    at /home/bitnami/data/node/api/node_modules/express/lib/router/index.js:281:22
    at param (/home/bitnami/data/node/api/node_modules/express/lib/router/index.js:360:14)
    at param (/home/bitnami/data/node/api/node_modules/express/lib/router/index.js:371:14)
    at Function.process_params (/home/bitnami/data/node/api/node_modules/express/lib/router/index.js:416:3)
    at next (/home/bitnami/data/node/api/node_modules/express/lib/router/index.js:275:10)
[0mGET /api/park/number/3 [32m200[0m 1.005 ms - 27[0m
[0mPOST /api/park/number/carBody [32m200[0m 0.857 ms - 27[0m
3
7
[0mGET /api/park/number/car/car?car_id=3 [32m200[0m 1.405 ms - 27[0m
[0mGET /api/park/2 [31m500[0m 0.878 ms - 1236[0m
ReferenceError: car_id is not defined
    at /home/bitnami/data/node/api/routes/restful.js:39:5
    at Layer.handle [as handle_request] (/home/bitnami/data/node/api/node_modules/express/lib/router/layer.js:95:5)
    at next (/home/bitnami/data/node/api/node_modules/express/lib/router/route.js:137:13)
    at Route.dispatch (/home/bitnami/data/node/api/node_modules/express/lib/router/route.js:112:3)
    at Layer.handle [as handle_request] (/home/bitnami/data/node/api/node_modules/express/lib/router/layer.js:95:5)
    at /home/bitnami/data/node/api/node_modules/express/lib/router/index.js:281:22
    at param (/home/bitnami/data/node/api/node_modules/express/lib/router/index.js:360:14)
    at param (/home/bitnami/data/node/api/node_modules/express/lib/router/index.js:371:14)
    at Function.process_params (/home/bitnami/data/node/api/node_modules/express/lib/router/index.js:416:3)
    at next (/home/bitnami/data/node/api/node_modules/express/lib/router/index.js:275:10)
[0mGET /api/park/2 [31m500[0m 0.876 ms - 1236[0m
ReferenceError: car_id is not defined
    at /home/bitnami/data/node/api/routes/restful.js:39:5
    at Layer.handle [as handle_request] (/home/bitnami/data/node/api/node_modules/express/lib/router/layer.js:95:5)
    at next (/home/bitnami/data/node/api/node_modules/express/lib/router/route.js:137:13)
    at Route.dispatch (/home/bitnami/data/node/api/node_modules/express/lib/router/route.js:112:3)
    at Layer.handle [as handle_request] (/home/bitnami/data/node/api/node_modules/express/lib/router/layer.js:95:5)
    at /home/bitnami/data/node/api/node_modules/express/lib/router/index.js:281:22
    at param (/home/bitnami/data/node/api/node_modules/express/lib/router/index.js:360:14)
    at param (/home/bitnami/data/node/api/node_modules/express/lib/router/index.js:371:14)
    at Function.process_params (/home/bitnami/data/node/api/node_modules/express/lib/router/index.js:416:3)
    at next (/home/bitnami/data/node/api/node_modules/express/lib/router/index.js:275:10)
3000 Port : 서버 실행 중
[0mGET /api/park/2 [31m500[0m 6.258 ms - 1236[0m
ReferenceError: car_id is not defined
    at /home/bitnami/data/node/api/routes/restful.js:39:5
    at Layer.handle [as handle_request] (/home/bitnami/data/node/api/node_modules/express/lib/router/layer.js:95:5)
    at next (/home/bitnami/data/node/api/node_modules/express/lib/router/route.js:137:13)
    at Route.dispatch (/home/bitnami/data/node/api/node_modules/express/lib/router/route.js:112:3)
    at Layer.handle [as handle_request] (/home/bitnami/data/node/api/node_modules/express/lib/router/layer.js:95:5)
    at /home/bitnami/data/node/api/node_modules/express/lib/router/index.js:281:22
    at param (/home/bitnami/data/node/api/node_modules/express/lib/router/index.js:360:14)
    at param (/home/bitnami/data/node/api/node_modules/express/lib/router/index.js:371:14)
    at Function.process_params (/home/bitnami/data/node/api/node_modules/express/lib/router/index.js:416:3)
    at next (/home/bitnami/data/node/api/node_modules/express/lib/router/index.js:275:10)
3000 Port : 서버 실행 중
[0mGET /api/park/2 [32m200[0m 5.853 ms - 41[0m
[0mPOST /api/park/parkBody [32m200[0m 10.016 ms - 41[0m
[0mGET /api/park/2 [32m200[0m 0.886 ms - 41[0m
events.js:291
      throw er; // Unhandled 'error' event
      ^

Error: listen EADDRINUSE: address already in use :::3000
    at Server.setupListenHandle [as _listen2] (net.js:1316:16)
    at listenInCluster (net.js:1364:12)
    at Server.listen (net.js:1450:7)
    at Function.listen (/home/bitnami/data/node/api/node_modules/express/lib/application.js:618:24)
    at Object.<anonymous> (/home/bitnami/data/node/api/app.js:23:5)
    at Module._compile (internal/modules/cjs/loader.js:999:30)
    at Object.Module._extensions..js (internal/modules/cjs/loader.js:1027:10)
    at Module.load (internal/modules/cjs/loader.js:863:32)
    at Function.Module._load (internal/modules/cjs/loader.js:708:14)
    at Function.executeUserEntryPoint [as runMain] (internal/modules/run_main.js:60:12)
Emitted 'error' event on Server instance at:
    at emitErrorNT (net.js:1343:8)
    at processTicksAndRejections (internal/process/task_queues.js:84:21) {
  code: 'EADDRINUSE',
  errno: 'EADDRINUSE',
  syscall: 'listen',
  address: '::',
  port: 3000
}
[0mPOST /api/park/number/carBody [32m200[0m 1.248 ms - 27[0m
3
7
[0mGET /api/park/number/car/car?car_id=3 [32m200[0m 1.458 ms - 27[0m
[0mGET /Hello [32m200[0m 0.999 ms - 12[0m
3
7
[0mGET /api/park/number/car/car?car_id=3 [36m304[0m 1.000 ms - -[0m
[0mGET /api/park/number/carBody [32m200[0m 0.909 ms - 30[0m
[0mPOST /api/park/number/carBody [32m200[0m 0.836 ms - 27[0m
grep
3000 Port : 서버 실행 중
grep
3000 Port : 서버 실행 중
